-------------------------------------------------------------------------------
Test set: itson.sistemarestaurantepersistencia.implementaciones.ProductosDAOTest
-------------------------------------------------------------------------------
Tests run: 3, Failures: 1, Errors: 0, Skipped: 0, Time elapsed: 0.039 s <<< FAILURE! - in itson.sistemarestaurantepersistencia.implementaciones.ProductosDAOTest
testBuscarProductos  Time elapsed: 0.009 s  <<< FAILURE!
org.opentest4j.AssertionFailedError: expected: <0> but was: <1>
	at itson.sistemarestaurantepersistencia.implementaciones.ProductosDAOTest.testBuscarProductos(ProductosDAOTest.java:73)

