-------------------------------------------------------------------------------
Test set: itson.sistemarestaurantepersistencia.implementaciones.IngredientesDAOTest
-------------------------------------------------------------------------------
Tests run: 3, Failures: 1, Errors: 0, Skipped: 0, Time elapsed: 0.019 s <<< FAILURE! - in itson.sistemarestaurantepersistencia.implementaciones.IngredientesDAOTest
testbuscarIngredientes  Time elapsed: 0 s  <<< FAILURE!
org.opentest4j.AssertionFailedError: expected: <1> but was: <0>
	at itson.sistemarestaurantepersistencia.implementaciones.IngredientesDAOTest.testbuscarIngredientes(IngredientesDAOTest.java:75)

